# JRE version: OpenJDK Runtime Environment (8.0_202-b03) (build 1.8.0_202-release-1483-b03)
# Java VM: OpenJDK 64-Bit Server VM (25.202-b03 mixed mode windows-amd64 compressed oops)
Heap:
 PSYoungGen      total 191488K, used 86363K [0x00000000e0000000, 0x00000000ed380000, 0x0000000100000000)
  eden space 174080K, 39% used [0x00000000e0000000,0x00000000e435a4c8,0x00000000eaa00000)
  from space 17408K, 99% used [0x00000000ebe80000,0x00000000ecf7c860,0x00000000ecf80000)
  to   space 20992K, 0% used [0x00000000eaa00000,0x00000000eaa00000,0x00000000ebe80000)
 ParOldGen       total 143360K, used 53045K [0x00000000a0000000, 0x00000000a8c00000, 0x00000000e0000000)
  object space 143360K, 37% used [0x00000000a0000000,0x00000000a33cd4f8,0x00000000a8c00000)
 Metaspace       used 80650K, capacity 85018K, committed 85288K, reserved 1122304K
  class space    used 10588K, capacity 11545K, committed 11560K, reserved 1048576K
GC Heap History (10 events):
Event: 32.308 GC heap before
{Heap before GC invocations=19 (full 3):
 PSYoungGen      total 142336K, used 980K [0x00000000e0000000, 0x00000000ead00000, 0x0000000100000000)
  eden space 126464K, 0% used [0x00000000e0000000,0x00000000e0000000,0x00000000e7b80000)
  from space 15872K, 6% used [0x00000000e8b80000,0x00000000e8c75270,0x00000000e9b00000)
  to   space 16384K, 0% used [0x00000000e7b80000,0x00000000e7b80000,0x00000000e8b80000)
 ParOldGen       total 98304K, used 43560K [0x00000000a0000000, 0x00000000a6000000, 0x00000000e0000000)
  object space 98304K, 44% used [0x00000000a0000000,0x00000000a2a8a2a8,0x00000000a6000000)
 Metaspace       used 56768K, capacity 59026K, committed 59160K, reserved 1099776K
  class space    used 7727K, capacity 8277K, committed 8360K, reserved 1048576K
Event: 32.805 GC heap after
Heap after GC invocations=19 (full 3):
 PSYoungGen      total 142336K, used 0K [0x00000000e0000000, 0x00000000ead00000, 0x0000000100000000)
  eden space 126464K, 0% used [0x00000000e0000000,0x00000000e0000000,0x00000000e7b80000)
  from space 15872K, 0% used [0x00000000e8b80000,0x00000000e8b80000,0x00000000e9b00000)
  to   space 16384K, 0% used [0x00000000e7b80000,0x00000000e7b80000,0x00000000e8b80000)
 ParOldGen       total 143360K, used 38107K [0x00000000a0000000, 0x00000000a8c00000, 0x00000000e0000000)
  object space 143360K, 26% used [0x00000000a0000000,0x00000000a2536e58,0x00000000a8c00000)
 Metaspace       used 56747K, capacity 58954K, committed 59160K, reserved 1099776K
  class space    used 7721K, capacity 8265K, committed 8360K, reserved 1048576K
}
Event: 37.981 GC heap before
{Heap before GC invocations=20 (full 3):
 PSYoungGen      total 142336K, used 126464K [0x00000000e0000000, 0x00000000ead00000, 0x0000000100000000)
  eden space 126464K, 100% used [0x00000000e0000000,0x00000000e7b80000,0x00000000e7b80000)
  from space 15872K, 0% used [0x00000000e8b80000,0x00000000e8b80000,0x00000000e9b00000)
  to   space 16384K, 0% used [0x00000000e7b80000,0x00000000e7b80000,0x00000000e8b80000)
 ParOldGen       total 143360K, used 38107K [0x00000000a0000000, 0x00000000a8c00000, 0x00000000e0000000)
  object space 143360K, 26% used [0x00000000a0000000,0x00000000a2536e58,0x00000000a8c00000)
 Metaspace       used 63362K, capacity 66072K, committed 66344K, reserved 1105920K
  class space    used 8785K, capacity 9487K, committed 9512K, reserved 1048576K
Event: 38.003 GC heap after
Heap after GC invocations=20 (full 3):
 PSYoungGen      total 142848K, used 9643K [0x00000000e0000000, 0x00000000eb680000, 0x0000000100000000)
  eden space 126464K, 0% used [0x00000000e0000000,0x00000000e0000000,0x00000000e7b80000)
  from space 16384K, 58% used [0x00000000e7b80000,0x00000000e84eaff8,0x00000000e8b80000)
  to   space 16384K, 0% used [0x00000000ea680000,0x00000000ea680000,0x00000000eb680000)
 ParOldGen       total 143360K, used 38115K [0x00000000a0000000, 0x00000000a8c00000, 0x00000000e0000000)
  object space 143360K, 26% used [0x00000000a0000000,0x00000000a2538e58,0x00000000a8c00000)
 Metaspace       used 63362K, capacity 66072K, committed 66344K, reserved 1105920K
  class space    used 8785K, capacity 9487K, committed 9512K, reserved 1048576K
}
Event: 42.797 GC heap before
{Heap before GC invocations=21 (full 3):
 PSYoungGen      total 142848K, used 136107K [0x00000000e0000000, 0x00000000eb680000, 0x0000000100000000)
  eden space 126464K, 100% used [0x00000000e0000000,0x00000000e7b80000,0x00000000e7b80000)
  from space 16384K, 58% used [0x00000000e7b80000,0x00000000e84eaff8,0x00000000e8b80000)
  to   space 16384K, 0% used [0x00000000ea680000,0x00000000ea680000,0x00000000eb680000)
 ParOldGen       total 143360K, used 38115K [0x00000000a0000000, 0x00000000a8c00000, 0x00000000e0000000)
  object space 143360K, 26% used [0x00000000a0000000,0x00000000a2538e58,0x00000000a8c00000)
 Metaspace       used 66355K, capacity 69734K, committed 69800K, reserved 1110016K
  class space    used 9129K, capacity 9886K, committed 9896K, reserved 1048576K
Event: 42.826 GC heap after
Heap after GC invocations=21 (full 3):
 PSYoungGen      total 164352K, used 8119K [0x00000000e0000000, 0x00000000eb300000, 0x0000000100000000)
  eden space 151552K, 0% used [0x00000000e0000000,0x00000000e0000000,0x00000000e9400000)
  from space 12800K, 63% used [0x00000000ea680000,0x00000000eae6dff0,0x00000000eb300000)
  to   space 15872K, 0% used [0x00000000e9400000,0x00000000e9400000,0x00000000ea380000)
 ParOldGen       total 143360K, used 43296K [0x00000000a0000000, 0x00000000a8c00000, 0x00000000e0000000)
  object space 143360K, 30% used [0x00000000a0000000,0x00000000a2a48378,0x00000000a8c00000)
 Metaspace       used 66355K, capacity 69734K, committed 69800K, reserved 1110016K
  class space    used 9129K, capacity 9886K, committed 9896K, reserved 1048576K
}
Event: 176.443 GC heap before
{Heap before GC invocations=22 (full 3):
 PSYoungGen      total 164352K, used 159671K [0x00000000e0000000, 0x00000000eb300000, 0x0000000100000000)
  eden space 151552K, 100% used [0x00000000e0000000,0x00000000e9400000,0x00000000e9400000)
  from space 12800K, 63% used [0x00000000ea680000,0x00000000eae6dff0,0x00000000eb300000)
  to   space 15872K, 0% used [0x00000000e9400000,0x00000000e9400000,0x00000000ea380000)
 ParOldGen       total 143360K, used 43296K [0x00000000a0000000, 0x00000000a8c00000, 0x00000000e0000000)
  object space 143360K, 30% used [0x00000000a0000000,0x00000000a2a48378,0x00000000a8c00000)
 Metaspace       used 74196K, capacity 77824K, committed 77864K, reserved 1116160K
  class space    used 9963K, capacity 10780K, committed 10792K, reserved 1048576K
Event: 176.610 GC heap after
Heap after GC invocations=22 (full 3):
 PSYoungGen      total 167424K, used 13764K [0x00000000e0000000, 0x00000000ecf80000, 0x0000000100000000)
  eden space 151552K, 0% used [0x00000000e0000000,0x00000000e0000000,0x00000000e9400000)
  from space 15872K, 86% used [0x00000000e9400000,0x00000000ea1710c8,0x00000000ea380000)
  to   space 17408K, 0% used [0x00000000ebe80000,0x00000000ebe80000,0x00000000ecf80000)
 ParOldGen       total 143360K, used 49769K [0x00000000a0000000, 0x00000000a8c00000, 0x00000000e0000000)
  object space 143360K, 34% used [0x00000000a0000000,0x00000000a309a428,0x00000000a8c00000)
 Metaspace       used 74196K, capacity 77824K, committed 77864K, reserved 1116160K
  class space    used 9963K, capacity 10780K, committed 10792K, reserved 1048576K
}
Event: 421.001 GC heap before
{Heap before GC invocations=23 (full 3):
 PSYoungGen      total 167424K, used 165316K [0x00000000e0000000, 0x00000000ecf80000, 0x0000000100000000)
  eden space 151552K, 100% used [0x00000000e0000000,0x00000000e9400000,0x00000000e9400000)
  from space 15872K, 86% used [0x00000000e9400000,0x00000000ea1710c8,0x00000000ea380000)
  to   space 17408K, 0% used [0x00000000ebe80000,0x00000000ebe80000,0x00000000ecf80000)
 ParOldGen       total 143360K, used 49769K [0x00000000a0000000, 0x00000000a8c00000, 0x00000000e0000000)
  object space 143360K, 34% used [0x00000000a0000000,0x00000000a309a428,0x00000000a8c00000)
 Metaspace       used 80085K, capacity 84364K, committed 84520K, reserved 1122304K
  class space    used 10539K, capacity 11454K, committed 11560K, reserved 1048576K
Event: 421.890 GC heap after
Heap after GC invocations=23 (full 3):
 PSYoungGen      total 191488K, used 17394K [0x00000000e0000000, 0x00000000ed380000, 0x0000000100000000)
  eden space 174080K, 0% used [0x00000000e0000000,0x00000000e0000000,0x00000000eaa00000)
  from space 17408K, 99% used [0x00000000ebe80000,0x00000000ecf7c860,0x00000000ecf80000)
  to   space 20992K, 0% used [0x00000000eaa00000,0x00000000eaa00000,0x00000000ebe80000)
 ParOldGen       total 143360K, used 53045K [0x00000000a0000000, 0x00000000a8c00000, 0x00000000e0000000)
  object space 143360K, 37% used [0x00000000a0000000,0x00000000a33cd4f8,0x00000000a8c00000)
 Metaspace       used 80085K, capacity 84364K, committed 84520K, reserved 1122304K
  class space    used 10539K, capacity 11454K, committed 11560K, reserved 1048576K
}

