# JRE version: OpenJDK Runtime Environment (8.0_202-b03) (build 1.8.0_202-release-1483-b03)
# Java VM: OpenJDK 64-Bit Server VM (25.202-b03 mixed mode windows-amd64 compressed oops)
Heap:
 PSYoungGen      total 246272K, used 27992K [0x00000000e0000000, 0x00000000f1680000, 0x0000000100000000)
  eden space 207360K, 2% used [0x00000000e0000000,0x00000000e056f7f0,0x00000000eca80000)
  from space 38912K, 57% used [0x00000000ef080000,0x00000000f0666a90,0x00000000f1680000)
  to   space 28160K, 0% used [0x00000000ed200000,0x00000000ed200000,0x00000000eed80000)
 ParOldGen       total 188928K, used 55314K [0x00000000a0000000, 0x00000000ab880000, 0x00000000e0000000)
  object space 188928K, 29% used [0x00000000a0000000,0x00000000a36049a8,0x00000000ab880000)
 Metaspace       used 91081K, capacity 100334K, committed 101580K, reserved 1138688K
  class space    used 11832K, capacity 13421K, committed 13812K, reserved 1048576K
GC Heap History (10 events):
Event: 2541.923 GC heap before
{Heap before GC invocations=26 (full 3):
 PSYoungGen      total 259584K, used 256058K [0x00000000e0000000, 0x00000000f2080000, 0x0000000100000000)
  eden space 230912K, 100% used [0x00000000e0000000,0x00000000ee180000,0x00000000ee180000)
  from space 28672K, 87% used [0x00000000f0080000,0x00000000f190e938,0x00000000f1c80000)
  to   space 31744K, 0% used [0x00000000ee180000,0x00000000ee180000,0x00000000f0080000)
 ParOldGen       total 121344K, used 40354K [0x00000000a0000000, 0x00000000a7680000, 0x00000000e0000000)
  object space 121344K, 33% used [0x00000000a0000000,0x00000000a2768888,0x00000000a7680000)
 Metaspace       used 85317K, capacity 95390K, committed 95576K, reserved 1132544K
  class space    used 11290K, capacity 12928K, committed 12928K, reserved 1048576K
Event: 2541.959 GC heap after
Heap after GC invocations=26 (full 3):
 PSYoungGen      total 248832K, used 25925K [0x00000000e0000000, 0x00000000f1b80000, 0x0000000100000000)
  eden space 222720K, 0% used [0x00000000e0000000,0x00000000e0000000,0x00000000ed980000)
  from space 26112K, 99% used [0x00000000ee180000,0x00000000efad1468,0x00000000efb00000)
  to   space 33280K, 0% used [0x00000000efb00000,0x00000000efb00000,0x00000000f1b80000)
 ParOldGen       total 121344K, used 40362K [0x00000000a0000000, 0x00000000a7680000, 0x00000000e0000000)
  object space 121344K, 33% used [0x00000000a0000000,0x00000000a276a888,0x00000000a7680000)
 Metaspace       used 85317K, capacity 95390K, committed 95576K, reserved 1132544K
  class space    used 11290K, capacity 12928K, committed 12928K, reserved 1048576K
}
Event: 2638.891 GC heap before
{Heap before GC invocations=27 (full 3):
 PSYoungGen      total 248832K, used 248645K [0x00000000e0000000, 0x00000000f1b80000, 0x0000000100000000)
  eden space 222720K, 100% used [0x00000000e0000000,0x00000000ed980000,0x00000000ed980000)
  from space 26112K, 99% used [0x00000000ee180000,0x00000000efad1468,0x00000000efb00000)
  to   space 33280K, 0% used [0x00000000efb00000,0x00000000efb00000,0x00000000f1b80000)
 ParOldGen       total 121344K, used 40362K [0x00000000a0000000, 0x00000000a7680000, 0x00000000e0000000)
  object space 121344K, 33% used [0x00000000a0000000,0x00000000a276a888,0x00000000a7680000)
 Metaspace       used 86154K, capacity 96762K, committed 96856K, reserved 1132544K
  class space    used 11405K, capacity 13099K, committed 13184K, reserved 1048576K
Event: 2638.940 GC heap after
Heap after GC invocations=27 (full 3):
 PSYoungGen      total 246784K, used 27933K [0x00000000e0000000, 0x00000000f1a00000, 0x0000000100000000)
  eden space 215040K, 0% used [0x00000000e0000000,0x00000000e0000000,0x00000000ed200000)
  from space 31744K, 87% used [0x00000000efb00000,0x00000000f1647478,0x00000000f1a00000)
  to   space 36864K, 0% used [0x00000000ed200000,0x00000000ed200000,0x00000000ef600000)
 ParOldGen       total 121344K, used 40370K [0x00000000a0000000, 0x00000000a7680000, 0x00000000e0000000)
  object space 121344K, 33% used [0x00000000a0000000,0x00000000a276c888,0x00000000a7680000)
 Metaspace       used 86154K, capacity 96762K, committed 96856K, reserved 1132544K
  class space    used 11405K, capacity 13099K, committed 13184K, reserved 1048576K
}
Event: 2646.765 GC heap before
{Heap before GC invocations=28 (full 3):
 PSYoungGen      total 246784K, used 115223K [0x00000000e0000000, 0x00000000f1a00000, 0x0000000100000000)
  eden space 215040K, 40% used [0x00000000e0000000,0x00000000e553ea20,0x00000000ed200000)
  from space 31744K, 87% used [0x00000000efb00000,0x00000000f1647478,0x00000000f1a00000)
  to   space 36864K, 0% used [0x00000000ed200000,0x00000000ed200000,0x00000000ef600000)
 ParOldGen       total 121344K, used 40370K [0x00000000a0000000, 0x00000000a7680000, 0x00000000e0000000)
  object space 121344K, 33% used [0x00000000a0000000,0x00000000a276c888,0x00000000a7680000)
 Metaspace       used 87560K, capacity 98218K, committed 98380K, reserved 1134592K
  class space    used 11582K, capacity 13343K, committed 13428K, reserved 1048576K
Event: 2646.792 GC heap after
Heap after GC invocations=28 (full 3):
 PSYoungGen      total 235520K, used 28058K [0x00000000e0000000, 0x00000000f1680000, 0x0000000100000000)
  eden space 207360K, 0% used [0x00000000e0000000,0x00000000e0000000,0x00000000eca80000)
  from space 28160K, 99% used [0x00000000ed200000,0x00000000eed669c0,0x00000000eed80000)
  to   space 38912K, 0% used [0x00000000ef080000,0x00000000ef080000,0x00000000f1680000)
 ParOldGen       total 121344K, used 40378K [0x00000000a0000000, 0x00000000a7680000, 0x00000000e0000000)
  object space 121344K, 33% used [0x00000000a0000000,0x00000000a276e888,0x00000000a7680000)
 Metaspace       used 87560K, capacity 98218K, committed 98380K, reserved 1134592K
  class space    used 11582K, capacity 13343K, committed 13428K, reserved 1048576K
}
Event: 2646.792 GC heap before
{Heap before GC invocations=29 (full 4):
 PSYoungGen      total 235520K, used 28058K [0x00000000e0000000, 0x00000000f1680000, 0x0000000100000000)
  eden space 207360K, 0% used [0x00000000e0000000,0x00000000e0000000,0x00000000eca80000)
  from space 28160K, 99% used [0x00000000ed200000,0x00000000eed669c0,0x00000000eed80000)
  to   space 38912K, 0% used [0x00000000ef080000,0x00000000ef080000,0x00000000f1680000)
 ParOldGen       total 121344K, used 40378K [0x00000000a0000000, 0x00000000a7680000, 0x00000000e0000000)
  object space 121344K, 33% used [0x00000000a0000000,0x00000000a276e888,0x00000000a7680000)
 Metaspace       used 87560K, capacity 98218K, committed 98380K, reserved 1134592K
  class space    used 11582K, capacity 13343K, committed 13428K, reserved 1048576K
Event: 2647.233 GC heap after
Heap after GC invocations=29 (full 4):
 PSYoungGen      total 235520K, used 0K [0x00000000e0000000, 0x00000000f1680000, 0x0000000100000000)
  eden space 207360K, 0% used [0x00000000e0000000,0x00000000e0000000,0x00000000eca80000)
  from space 28160K, 0% used [0x00000000ed200000,0x00000000ed200000,0x00000000eed80000)
  to   space 38912K, 0% used [0x00000000ef080000,0x00000000ef080000,0x00000000f1680000)
 ParOldGen       total 188928K, used 55306K [0x00000000a0000000, 0x00000000ab880000, 0x00000000e0000000)
  object space 188928K, 29% used [0x00000000a0000000,0x00000000a36029a8,0x00000000ab880000)
 Metaspace       used 86562K, capacity 95716K, committed 98380K, reserved 1134592K
  class space    used 11332K, capacity 12944K, committed 13428K, reserved 1048576K
}
Event: 2652.241 GC heap before
{Heap before GC invocations=30 (full 4):
 PSYoungGen      total 235520K, used 207360K [0x00000000e0000000, 0x00000000f1680000, 0x0000000100000000)
  eden space 207360K, 100% used [0x00000000e0000000,0x00000000eca80000,0x00000000eca80000)
  from space 28160K, 0% used [0x00000000ed200000,0x00000000ed200000,0x00000000eed80000)
  to   space 38912K, 0% used [0x00000000ef080000,0x00000000ef080000,0x00000000f1680000)
 ParOldGen       total 188928K, used 55306K [0x00000000a0000000, 0x00000000ab880000, 0x00000000e0000000)
  object space 188928K, 29% used [0x00000000a0000000,0x00000000a36029a8,0x00000000ab880000)
 Metaspace       used 90922K, capacity 100046K, committed 101196K, reserved 1136640K
  class space    used 11819K, capacity 13389K, committed 13684K, reserved 1048576K
Event: 2652.259 GC heap after
Heap after GC invocations=30 (full 4):
 PSYoungGen      total 246272K, used 22426K [0x00000000e0000000, 0x00000000f1680000, 0x0000000100000000)
  eden space 207360K, 0% used [0x00000000e0000000,0x00000000e0000000,0x00000000eca80000)
  from space 38912K, 57% used [0x00000000ef080000,0x00000000f0666a90,0x00000000f1680000)
  to   space 28160K, 0% used [0x00000000ed200000,0x00000000ed200000,0x00000000eed80000)
 ParOldGen       total 188928K, used 55314K [0x00000000a0000000, 0x00000000ab880000, 0x00000000e0000000)
  object space 188928K, 29% used [0x00000000a0000000,0x00000000a36049a8,0x00000000ab880000)
 Metaspace       used 90922K, capacity 100046K, committed 101196K, reserved 1136640K
  class space    used 11819K, capacity 13389K, committed 13684K, reserved 1048576K
}

