# JRE version: OpenJDK Runtime Environment (8.0_202-b03) (build 1.8.0_202-release-1483-b03)
# Java VM: OpenJDK 64-Bit Server VM (25.202-b03 mixed mode windows-amd64 compressed oops)
Heap:
 PSYoungGen      total 369664K, used 231088K [0x00000000e0000000, 0x0000000100000000, 0x0000000100000000)
  eden space 283648K, 51% used [0x00000000e0000000,0x00000000e8db0d90,0x00000000f1500000)
  from space 86016K, 99% used [0x00000000fa500000,0x00000000ff8fb330,0x00000000ff900000)
  to   space 120320K, 0% used [0x00000000f1500000,0x00000000f1500000,0x00000000f8a80000)
 ParOldGen       total 370176K, used 221596K [0x00000000a0000000, 0x00000000b6980000, 0x00000000e0000000)
  object space 370176K, 59% used [0x00000000a0000000,0x00000000ad8673f8,0x00000000b6980000)
 Metaspace       used 101517K, capacity 109008K, committed 109144K, reserved 1144832K
  class space    used 13315K, capacity 14595K, committed 14720K, reserved 1048576K
GC Heap History (10 events):
Event: 3207.709 GC heap before
{Heap before GC invocations=31 (full 4):
 PSYoungGen      total 329216K, used 296035K [0x00000000e0000000, 0x00000000f7d80000, 0x0000000100000000)
  eden space 282112K, 100% used [0x00000000e0000000,0x00000000f1380000,0x00000000f1380000)
  from space 47104K, 29% used [0x00000000f4f80000,0x00000000f5d18fc8,0x00000000f7d80000)
  to   space 54272K, 0% used [0x00000000f1380000,0x00000000f1380000,0x00000000f4880000)
 ParOldGen       total 267264K, used 207401K [0x00000000a0000000, 0x00000000b0500000, 0x00000000e0000000)
  object space 267264K, 77% used [0x00000000a0000000,0x00000000aca8a4d8,0x00000000b0500000)
 Metaspace       used 85712K, capacity 92010K, committed 92248K, reserved 1128448K
  class space    used 11214K, capacity 12388K, committed 12416K, reserved 1048576K
Event: 3207.780 GC heap after
Heap after GC invocations=31 (full 4):
 PSYoungGen      total 336384K, used 54263K [0x00000000e0000000, 0x00000000fe500000, 0x0000000100000000)
  eden space 282112K, 0% used [0x00000000e0000000,0x00000000e0000000,0x00000000f1380000)
  from space 54272K, 99% used [0x00000000f1380000,0x00000000f487dff8,0x00000000f4880000)
  to   space 92672K, 0% used [0x00000000f8a80000,0x00000000f8a80000,0x00000000fe500000)
 ParOldGen       total 291840K, used 286629K [0x00000000a0000000, 0x00000000b1d00000, 0x00000000e0000000)
  object space 291840K, 98% used [0x00000000a0000000,0x00000000b17e9578,0x00000000b1d00000)
 Metaspace       used 85712K, capacity 92010K, committed 92248K, reserved 1128448K
  class space    used 11214K, capacity 12388K, committed 12416K, reserved 1048576K
}
Event: 3207.780 GC heap before
{Heap before GC invocations=32 (full 5):
 PSYoungGen      total 336384K, used 54263K [0x00000000e0000000, 0x00000000fe500000, 0x0000000100000000)
  eden space 282112K, 0% used [0x00000000e0000000,0x00000000e0000000,0x00000000f1380000)
  from space 54272K, 99% used [0x00000000f1380000,0x00000000f487dff8,0x00000000f4880000)
  to   space 92672K, 0% used [0x00000000f8a80000,0x00000000f8a80000,0x00000000fe500000)
 ParOldGen       total 291840K, used 286629K [0x00000000a0000000, 0x00000000b1d00000, 0x00000000e0000000)
  object space 291840K, 98% used [0x00000000a0000000,0x00000000b17e9578,0x00000000b1d00000)
 Metaspace       used 85712K, capacity 92010K, committed 92248K, reserved 1128448K
  class space    used 11214K, capacity 12388K, committed 12416K, reserved 1048576K
Event: 3208.121 GC heap after
Heap after GC invocations=32 (full 5):
 PSYoungGen      total 336384K, used 0K [0x00000000e0000000, 0x00000000fe500000, 0x0000000100000000)
  eden space 282112K, 0% used [0x00000000e0000000,0x00000000e0000000,0x00000000f1380000)
  from space 54272K, 0% used [0x00000000f1380000,0x00000000f1380000,0x00000000f4880000)
  to   space 92672K, 0% used [0x00000000f8a80000,0x00000000f8a80000,0x00000000fe500000)
 ParOldGen       total 370176K, used 171488K [0x00000000a0000000, 0x00000000b6980000, 0x00000000e0000000)
  object space 370176K, 46% used [0x00000000a0000000,0x00000000aa778378,0x00000000b6980000)
 Metaspace       used 84932K, capacity 90994K, committed 92248K, reserved 1128448K
  class space    used 11078K, capacity 12208K, committed 12416K, reserved 1048576K
}
Event: 4147.871 GC heap before
{Heap before GC invocations=33 (full 5):
 PSYoungGen      total 336384K, used 282112K [0x00000000e0000000, 0x00000000fe500000, 0x0000000100000000)
  eden space 282112K, 100% used [0x00000000e0000000,0x00000000f1380000,0x00000000f1380000)
  from space 54272K, 0% used [0x00000000f1380000,0x00000000f1380000,0x00000000f4880000)
  to   space 92672K, 0% used [0x00000000f8a80000,0x00000000f8a80000,0x00000000fe500000)
 ParOldGen       total 370176K, used 171488K [0x00000000a0000000, 0x00000000b6980000, 0x00000000e0000000)
  object space 370176K, 46% used [0x00000000a0000000,0x00000000aa778378,0x00000000b6980000)
 Metaspace       used 86040K, capacity 92342K, committed 92504K, reserved 1130496K
  class space    used 11225K, capacity 12406K, committed 12416K, reserved 1048576K
Event: 4148.030 GC heap after
Heap after GC invocations=33 (full 5):
 PSYoungGen      total 399872K, used 8573K [0x00000000e0000000, 0x00000000fe100000, 0x0000000100000000)
  eden space 311296K, 0% used [0x00000000e0000000,0x00000000e0000000,0x00000000f3000000)
  from space 88576K, 9% used [0x00000000f8a80000,0x00000000f92df638,0x00000000fe100000)
  to   space 90624K, 0% used [0x00000000f3000000,0x00000000f3000000,0x00000000f8880000)
 ParOldGen       total 370176K, used 171496K [0x00000000a0000000, 0x00000000b6980000, 0x00000000e0000000)
  object space 370176K, 46% used [0x00000000a0000000,0x00000000aa77a378,0x00000000b6980000)
 Metaspace       used 86040K, capacity 92342K, committed 92504K, reserved 1130496K
  class space    used 11225K, capacity 12406K, committed 12416K, reserved 1048576K
}
Event: 4221.063 GC heap before
{Heap before GC invocations=34 (full 5):
 PSYoungGen      total 399872K, used 319869K [0x00000000e0000000, 0x00000000fe100000, 0x0000000100000000)
  eden space 311296K, 100% used [0x00000000e0000000,0x00000000f3000000,0x00000000f3000000)
  from space 88576K, 9% used [0x00000000f8a80000,0x00000000f92df638,0x00000000fe100000)
  to   space 90624K, 0% used [0x00000000f3000000,0x00000000f3000000,0x00000000f8880000)
 ParOldGen       total 370176K, used 171496K [0x00000000a0000000, 0x00000000b6980000, 0x00000000e0000000)
  object space 370176K, 46% used [0x00000000a0000000,0x00000000aa77a378,0x00000000b6980000)
 Metaspace       used 92538K, capacity 99082K, committed 99160K, reserved 1134592K
  class space    used 11965K, capacity 13108K, committed 13184K, reserved 1048576K
Event: 4223.170 GC heap after
Heap after GC invocations=34 (full 5):
 PSYoungGen      total 401920K, used 19303K [0x00000000e0000000, 0x00000000ff900000, 0x0000000100000000)
  eden space 311296K, 0% used [0x00000000e0000000,0x00000000e0000000,0x00000000f3000000)
  from space 90624K, 21% used [0x00000000f3000000,0x00000000f42d9ca0,0x00000000f8880000)
  to   space 86016K, 0% used [0x00000000fa500000,0x00000000fa500000,0x00000000ff900000)
 ParOldGen       total 370176K, used 171512K [0x00000000a0000000, 0x00000000b6980000, 0x00000000e0000000)
  object space 370176K, 46% used [0x00000000a0000000,0x00000000aa77e378,0x00000000b6980000)
 Metaspace       used 92538K, capacity 99082K, committed 99160K, reserved 1134592K
  class space    used 11965K, capacity 13108K, committed 13184K, reserved 1048576K
}
Event: 4250.857 GC heap before
{Heap before GC invocations=35 (full 5):
 PSYoungGen      total 401920K, used 324880K [0x00000000e0000000, 0x00000000ff900000, 0x0000000100000000)
  eden space 311296K, 98% used [0x00000000e0000000,0x00000000f2a6a618,0x00000000f3000000)
  from space 90624K, 21% used [0x00000000f3000000,0x00000000f42d9ca0,0x00000000f8880000)
  to   space 86016K, 0% used [0x00000000fa500000,0x00000000fa500000,0x00000000ff900000)
 ParOldGen       total 370176K, used 171512K [0x00000000a0000000, 0x00000000b6980000, 0x00000000e0000000)
  object space 370176K, 46% used [0x00000000a0000000,0x00000000aa77e378,0x00000000b6980000)
 Metaspace       used 101034K, capacity 108470K, committed 108760K, reserved 1142784K
  class space    used 13226K, capacity 14506K, committed 14592K, reserved 1048576K
Event: 4251.852 GC heap after
Heap after GC invocations=35 (full 5):
 PSYoungGen      total 369664K, used 85996K [0x00000000e0000000, 0x0000000100000000, 0x0000000100000000)
  eden space 283648K, 0% used [0x00000000e0000000,0x00000000e0000000,0x00000000f1500000)
  from space 86016K, 99% used [0x00000000fa500000,0x00000000ff8fb330,0x00000000ff900000)
  to   space 120320K, 0% used [0x00000000f1500000,0x00000000f1500000,0x00000000f8a80000)
 ParOldGen       total 370176K, used 221596K [0x00000000a0000000, 0x00000000b6980000, 0x00000000e0000000)
  object space 370176K, 59% used [0x00000000a0000000,0x00000000ad8673f8,0x00000000b6980000)
 Metaspace       used 101034K, capacity 108470K, committed 108760K, reserved 1142784K
  class space    used 13226K, capacity 14506K, committed 14592K, reserved 1048576K
}

