# JRE version: OpenJDK Runtime Environment (8.0_202-b03) (build 1.8.0_202-release-1483-b03)
# Java VM: OpenJDK 64-Bit Server VM (25.202-b03 mixed mode windows-amd64 compressed oops)
Heap:
 PSYoungGen      total 258560K, used 106710K [0x00000000e0000000, 0x00000000f1980000, 0x0000000100000000)
  eden space 237056K, 36% used [0x00000000e0000000,0x00000000e548f960,0x00000000ee780000)
  from space 21504K, 93% used [0x00000000f0480000,0x00000000f1826150,0x00000000f1980000)
  to   space 25600K, 0% used [0x00000000ee780000,0x00000000ee780000,0x00000000f0080000)
 ParOldGen       total 126976K, used 28655K [0x00000000a0000000, 0x00000000a7c00000, 0x00000000e0000000)
  object space 126976K, 22% used [0x00000000a0000000,0x00000000a1bfbc10,0x00000000a7c00000)
 Metaspace       used 76101K, capacity 80774K, committed 80984K, reserved 1120256K
  class space    used 9891K, capacity 10784K, committed 10880K, reserved 1048576K
GC Heap History (10 events):
Event: 16.167 GC heap before
{Heap before GC invocations=15 (full 3):
 PSYoungGen      total 188416K, used 1332K [0x00000000e0000000, 0x00000000ee900000, 0x0000000100000000)
  eden space 169984K, 0% used [0x00000000e0000000,0x00000000e0000000,0x00000000ea600000)
  from space 18432K, 7% used [0x00000000eb880000,0x00000000eb9cd1c0,0x00000000eca80000)
  to   space 18944K, 0% used [0x00000000ea600000,0x00000000ea600000,0x00000000eb880000)
 ParOldGen       total 89088K, used 33850K [0x00000000a0000000, 0x00000000a5700000, 0x00000000e0000000)
  object space 89088K, 37% used [0x00000000a0000000,0x00000000a210eb50,0x00000000a5700000)
 Metaspace       used 57198K, capacity 58812K, committed 58968K, reserved 1099776K
  class space    used 7798K, capacity 8212K, committed 8320K, reserved 1048576K
Event: 16.616 GC heap after
Heap after GC invocations=15 (full 3):
 PSYoungGen      total 188416K, used 0K [0x00000000e0000000, 0x00000000ee900000, 0x0000000100000000)
  eden space 169984K, 0% used [0x00000000e0000000,0x00000000e0000000,0x00000000ea600000)
  from space 18432K, 0% used [0x00000000eb880000,0x00000000eb880000,0x00000000eca80000)
  to   space 18944K, 0% used [0x00000000ea600000,0x00000000ea600000,0x00000000eb880000)
 ParOldGen       total 126976K, used 28623K [0x00000000a0000000, 0x00000000a7c00000, 0x00000000e0000000)
  object space 126976K, 22% used [0x00000000a0000000,0x00000000a1bf3c10,0x00000000a7c00000)
 Metaspace       used 57151K, capacity 58684K, committed 58968K, reserved 1099776K
  class space    used 7784K, capacity 8188K, committed 8320K, reserved 1048576K
}
Event: 34.629 GC heap before
{Heap before GC invocations=16 (full 3):
 PSYoungGen      total 188416K, used 169984K [0x00000000e0000000, 0x00000000ee900000, 0x0000000100000000)
  eden space 169984K, 100% used [0x00000000e0000000,0x00000000ea600000,0x00000000ea600000)
  from space 18432K, 0% used [0x00000000eb880000,0x00000000eb880000,0x00000000eca80000)
  to   space 18944K, 0% used [0x00000000ea600000,0x00000000ea600000,0x00000000eb880000)
 ParOldGen       total 126976K, used 28623K [0x00000000a0000000, 0x00000000a7c00000, 0x00000000e0000000)
  object space 126976K, 22% used [0x00000000a0000000,0x00000000a1bf3c10,0x00000000a7c00000)
 Metaspace       used 66122K, capacity 68422K, committed 68568K, reserved 1107968K
  class space    used 8698K, capacity 9181K, committed 9216K, reserved 1048576K
Event: 34.674 GC heap after
Heap after GC invocations=16 (full 3):
 PSYoungGen      total 188928K, used 15434K [0x00000000e0000000, 0x00000000ef680000, 0x0000000100000000)
  eden space 169984K, 0% used [0x00000000e0000000,0x00000000e0000000,0x00000000ea600000)
  from space 18944K, 81% used [0x00000000ea600000,0x00000000eb512ac8,0x00000000eb880000)
  to   space 20480K, 0% used [0x00000000ee280000,0x00000000ee280000,0x00000000ef680000)
 ParOldGen       total 126976K, used 28631K [0x00000000a0000000, 0x00000000a7c00000, 0x00000000e0000000)
  object space 126976K, 22% used [0x00000000a0000000,0x00000000a1bf5c10,0x00000000a7c00000)
 Metaspace       used 66122K, capacity 68422K, committed 68568K, reserved 1107968K
  class space    used 8698K, capacity 9181K, committed 9216K, reserved 1048576K
}
Event: 136.946 GC heap before
{Heap before GC invocations=17 (full 3):
 PSYoungGen      total 188928K, used 185418K [0x00000000e0000000, 0x00000000ef680000, 0x0000000100000000)
  eden space 169984K, 100% used [0x00000000e0000000,0x00000000ea600000,0x00000000ea600000)
  from space 18944K, 81% used [0x00000000ea600000,0x00000000eb512ac8,0x00000000eb880000)
  to   space 20480K, 0% used [0x00000000ee280000,0x00000000ee280000,0x00000000ef680000)
 ParOldGen       total 126976K, used 28631K [0x00000000a0000000, 0x00000000a7c00000, 0x00000000e0000000)
  object space 126976K, 22% used [0x00000000a0000000,0x00000000a1bf5c10,0x00000000a7c00000)
 Metaspace       used 71109K, capacity 73856K, committed 74200K, reserved 1114112K
  class space    used 9324K, capacity 9894K, committed 9984K, reserved 1048576K
Event: 137.337 GC heap after
Heap after GC invocations=17 (full 3):
 PSYoungGen      total 222720K, used 14165K [0x00000000e0000000, 0x00000000ef300000, 0x0000000100000000)
  eden space 205824K, 0% used [0x00000000e0000000,0x00000000e0000000,0x00000000ec900000)
  from space 16896K, 83% used [0x00000000ee280000,0x00000000ef055760,0x00000000ef300000)
  to   space 21504K, 0% used [0x00000000ec900000,0x00000000ec900000,0x00000000ede00000)
 ParOldGen       total 126976K, used 28639K [0x00000000a0000000, 0x00000000a7c00000, 0x00000000e0000000)
  object space 126976K, 22% used [0x00000000a0000000,0x00000000a1bf7c10,0x00000000a7c00000)
 Metaspace       used 71109K, capacity 73856K, committed 74200K, reserved 1114112K
  class space    used 9324K, capacity 9894K, committed 9984K, reserved 1048576K
}
Event: 263.082 GC heap before
{Heap before GC invocations=18 (full 3):
 PSYoungGen      total 222720K, used 219989K [0x00000000e0000000, 0x00000000ef300000, 0x0000000100000000)
  eden space 205824K, 100% used [0x00000000e0000000,0x00000000ec900000,0x00000000ec900000)
  from space 16896K, 83% used [0x00000000ee280000,0x00000000ef055760,0x00000000ef300000)
  to   space 21504K, 0% used [0x00000000ec900000,0x00000000ec900000,0x00000000ede00000)
 ParOldGen       total 126976K, used 28639K [0x00000000a0000000, 0x00000000a7c00000, 0x00000000e0000000)
  object space 126976K, 22% used [0x00000000a0000000,0x00000000a1bf7c10,0x00000000a7c00000)
 Metaspace       used 73681K, capacity 77582K, committed 77656K, reserved 1116160K
  class space    used 9568K, capacity 10329K, committed 10368K, reserved 1048576K
Event: 263.652 GC heap after
Heap after GC invocations=18 (full 3):
 PSYoungGen      total 227328K, used 18349K [0x00000000e0000000, 0x00000000f1b80000, 0x0000000100000000)
  eden space 205824K, 0% used [0x00000000e0000000,0x00000000e0000000,0x00000000ec900000)
  from space 21504K, 85% used [0x00000000ec900000,0x00000000edaeb760,0x00000000ede00000)
  to   space 23552K, 0% used [0x00000000f0480000,0x00000000f0480000,0x00000000f1b80000)
 ParOldGen       total 126976K, used 28647K [0x00000000a0000000, 0x00000000a7c00000, 0x00000000e0000000)
  object space 126976K, 22% used [0x00000000a0000000,0x00000000a1bf9c10,0x00000000a7c00000)
 Metaspace       used 73681K, capacity 77582K, committed 77656K, reserved 1116160K
  class space    used 9568K, capacity 10329K, committed 10368K, reserved 1048576K
}
Event: 590.082 GC heap before
{Heap before GC invocations=19 (full 3):
 PSYoungGen      total 227328K, used 224173K [0x00000000e0000000, 0x00000000f1b80000, 0x0000000100000000)
  eden space 205824K, 100% used [0x00000000e0000000,0x00000000ec900000,0x00000000ec900000)
  from space 21504K, 85% used [0x00000000ec900000,0x00000000edaeb760,0x00000000ede00000)
  to   space 23552K, 0% used [0x00000000f0480000,0x00000000f0480000,0x00000000f1b80000)
 ParOldGen       total 126976K, used 28647K [0x00000000a0000000, 0x00000000a7c00000, 0x00000000e0000000)
  object space 126976K, 22% used [0x00000000a0000000,0x00000000a1bf9c10,0x00000000a7c00000)
 Metaspace       used 75523K, capacity 80128K, committed 80344K, reserved 1118208K
  class space    used 9815K, capacity 10689K, committed 10752K, reserved 1048576K
Event: 590.428 GC heap after
Heap after GC invocations=19 (full 3):
 PSYoungGen      total 258560K, used 20120K [0x00000000e0000000, 0x00000000f1980000, 0x0000000100000000)
  eden space 237056K, 0% used [0x00000000e0000000,0x00000000e0000000,0x00000000ee780000)
  from space 21504K, 93% used [0x00000000f0480000,0x00000000f1826150,0x00000000f1980000)
  to   space 25600K, 0% used [0x00000000ee780000,0x00000000ee780000,0x00000000f0080000)
 ParOldGen       total 126976K, used 28655K [0x00000000a0000000, 0x00000000a7c00000, 0x00000000e0000000)
  object space 126976K, 22% used [0x00000000a0000000,0x00000000a1bfbc10,0x00000000a7c00000)
 Metaspace       used 75523K, capacity 80128K, committed 80344K, reserved 1118208K
  class space    used 9815K, capacity 10689K, committed 10752K, reserved 1048576K
}

